<?xml version="1.0" encoding="UTF-8"?>
<!-- Generated by org.testng.reporters.JUnitReportReporter -->
<testsuite name="edu.practise.packagename.TestNgDemo" tests="5" time="0.016" ignored="0" failures="0" timestamp="05 Sep 2018 02:00:47 GMT" skipped="0" hostname="anandakumar" errors="0">
  <testcase name="method3" time="0.011" classname="edu.practise.packagename.TestNgDemo"/>
  <testcase name="method1" time="0.001" classname="edu.practise.packagename.TestNgDemo"/>
  <testcase name="method4" time="0.002" classname="edu.practise.packagename.TestNgDemo"/>
  <testcase name="method2" time="0.001" classname="edu.practise.packagename.TestNgDemo"/>
  <testcase name="method5" time="0.001" classname="edu.practise.packagename.TestNgDemo"/>
</testsuite> <!-- edu.practise.packagename.TestNgDemo -->
