<?xml version="1.0" encoding="UTF-8"?>
<!-- Generated by org.testng.reporters.JUnitReportReporter -->
<testsuite name="edu.practise.packagename.Trialclass1" tests="2" time="24.229" ignored="0" failures="0" timestamp="12 Sep 2018 02:48:24 GMT" skipped="0" hostname="anandakumar" errors="0">
  <testcase name="methoda" time="10.592" classname="edu.practise.packagename.Trialclass1"/>
  <testcase name="methoda" time="13.637" classname="edu.practise.packagename.Trialclass1"/>
</testsuite> <!-- edu.practise.packagename.Trialclass1 -->
