<?xml version="1.0" encoding="UTF-8"?>
<!-- Generated by org.testng.reporters.JUnitReportReporter -->
<testsuite name="edu.practise.packagename.Datafromarray" tests="2" time="72.004" ignored="0" failures="0" timestamp="12 Sep 2018 08:34:54 GMT" skipped="0" hostname="anandakumar" errors="0">
  <testcase name="kpnusercreation" time="35.171" classname="edu.practise.packagename.Datafromarray"/>
  <testcase name="kpnusercreation" time="36.833" classname="edu.practise.packagename.Datafromarray"/>
</testsuite> <!-- edu.practise.packagename.Datafromarray -->
