<?xml version="1.0" encoding="UTF-8"?>
<!-- Generated by org.testng.reporters.JUnitReportReporter -->
<testsuite name="edu.practise.packagename.Trialclass2" tests="1" time="26.186" ignored="0" failures="0" timestamp="30 Aug 2018 01:57:45 GMT" skipped="0" hostname="anandakumar" errors="0">
  <testcase name="methodb" time="26.186" classname="edu.practise.packagename.Trialclass2"/>
</testsuite> <!-- edu.practise.packagename.Trialclass2 -->
