<?xml version="1.0" encoding="UTF-8"?>
<!-- Generated by org.testng.reporters.JUnitReportReporter -->
<testsuite name="edu.practise.packagename.ExcelRead" tests="1" time="1.930" ignored="0" failures="0" timestamp="08 Sep 2018 01:57:11 GMT" skipped="0" hostname="anandakumar" errors="0">
  <testcase name="xcelread" time="1.930" classname="edu.practise.packagename.ExcelRead"/>
</testsuite> <!-- edu.practise.packagename.ExcelRead -->
