<?xml version="1.0" encoding="UTF-8"?>
<!-- Generated by org.testng.reporters.JUnitReportReporter -->
<testsuite name="edu.practise.packagename.Framrdemo" tests="1" time="14.624" ignored="0" failures="0" timestamp="11 Sep 2018 05:43:23 GMT" skipped="0" hostname="anandakumar" errors="0">
  <testcase name="framedemo" time="14.624" classname="edu.practise.packagename.Framrdemo"/>
</testsuite> <!-- edu.practise.packagename.Framrdemo -->
