<?xml version="1.0" encoding="UTF-8"?>
<!-- Generated by org.testng.reporters.JUnitReportReporter -->
<testsuite name="edu.practise.packagename.Trial3" tests="1" time="11.318" ignored="0" failures="0" timestamp="18 Sep 2018 02:28:21 GMT" skipped="0" hostname="anandakumar" errors="0">
  <testcase name="alertdemo" time="11.318" classname="edu.practise.packagename.Trial3"/>
</testsuite> <!-- edu.practise.packagename.Trial3 -->
