<?xml version="1.0" encoding="UTF-8"?>
<!-- Generated by org.testng.reporters.JUnitReportReporter -->
<testsuite name="edu.practise.packagename.Datafromexcel" tests="1" time="50.901" ignored="0" failures="0" timestamp="13 Sep 2018 09:23:34 GMT" skipped="0" hostname="anandakumar" errors="0">
  <testcase name="samplea" time="50.901" classname="edu.practise.packagename.Datafromexcel"/>
</testsuite> <!-- edu.practise.packagename.Datafromexcel -->
